{"name": "test_link_function", "status": "failed", "statusDetails": {"message": "AssertionError: Lists differ: [<sta[20 chars]lies.family.Gaussian object at 0x122aefa60>] != [<sta[20 chars]lies.links.log object at 0x122aef6d0>, <statsm[398 chars]940>]\n\nFirst differing element 0:\n<statsmodels.genmod.families.family.Gaussian object at 0x122aefa60>\n<statsmodels.genmod.families.links.log object at 0x122aef6d0>\n\nSecond list contains 6 additional elements.\nFirst extra element 1:\n<statsmodels.genmod.families.links.identity object at 0x122aef790>\n\nDiff is 707 characters long. Set self.maxDiff to None to see it.", "trace": "def test_link_function():\n        case = unittest.TestCase()\n        expected = [\n            sm.families.links.log(),\n            sm.families.links.identity(),\n            sm.families.links.inverse_power(),\n            sm.families.links.inverse_squared(),\n            sm.families.links.log(),\n            sm.families.links.cloglog(),\n            sm.families.links.Power(1),\n        ]\n    \n        actual = []\n    \n        boston = datasets.load_boston()\n        X, y = boston.data, boston.target\n    \n        for test in testing_dict_regression:\n            test_params = testing_dict_regression[test]\n            regression_model = RegressionGLM(\n                family_name=test_params['family_name'],\n                binomial_link=test_params['binomial_link'],\n                gamma_link=test_params['gamma_link'],\n                gaussian_link=test_params['gaussian_link'],\n                inverse_gaussian_link=test_params['inverse_gaussian_link'],\n                poisson_link=test_params['poisson_link'],\n                negative_binomial_link=test_params['negative_binomial_link'],\n                tweedie_link=test_params['tweedie_link'],\n                alpha=1,\n                power=1,\n                var_power=1\n            )\n            regression_model.fit_model(X, y)\n            actual.append(regression_model.family)\n    \n>       case.assertListEqual(actual, expected)\n\ntests/python/unit/test_regression_model.py:47: \n_ _ _ _ _ _ _ _ _ _ _ _ _ _ _ _ _ _ _ _ _ _ _ _ _ _ _ _ _ _ _ _ _ _ _ _ _ _ _ _ _ _ _ _ _ _ _ _ _ _ _ _ _ _ _ _ _ _ _ _ _ _ _ _ _ _ _ _ _ _ _ _ _ _ _ _ _ _ _ _ _ _ _ _ _ _ _ _ _ _ _ _ _ _ _ _ _ _ _ _ _ _ \n/usr/local/Cellar/python@3.9/3.9.5/Frameworks/Python.framework/Versions/3.9/lib/python3.9/unittest/case.py:1037: in assertListEqual\n    self.assertSequenceEqual(list1, list2, msg, seq_type=list)\n/usr/local/Cellar/python@3.9/3.9.5/Frameworks/Python.framework/Versions/3.9/lib/python3.9/unittest/case.py:1019: in assertSequenceEqual\n    self.fail(msg)\n_ _ _ _ _ _ _ _ _ _ _ _ _ _ _ _ _ _ _ _ _ _ _ _ _ _ _ _ _ _ _ _ _ _ _ _ _ _ _ _ _ _ _ _ _ _ _ _ _ _ _ _ _ _ _ _ _ _ _ _ _ _ _ _ _ _ _ _ _ _ _ _ _ _ _ _ _ _ _ _ _ _ _ _ _ _ _ _ _ _ _ _ _ _ _ _ _ _ _ _ _ _ \n\nself = <unittest.case.TestCase testMethod=runTest>\nmsg = 'Lists differ: [<sta[20 chars]lies.family.Gaussian object at 0x122aefa60>] != [<sta[20 chars]lies.links.log object at ...mod.families.links.identity object at 0x122aef790>\\n\\nDiff is 707 characters long. Set self.maxDiff to None to see it.'\n\n    def fail(self, msg=None):\n        \"\"\"Fail immediately, with the given message.\"\"\"\n>       raise self.failureException(msg)\nE       AssertionError: Lists differ: [<sta[20 chars]lies.family.Gaussian object at 0x122aefa60>] != [<sta[20 chars]lies.links.log object at 0x122aef6d0>, <statsm[398 chars]940>]\nE       \nE       First differing element 0:\nE       <statsmodels.genmod.families.family.Gaussian object at 0x122aefa60>\nE       <statsmodels.genmod.families.links.log object at 0x122aef6d0>\nE       \nE       Second list contains 6 additional elements.\nE       First extra element 1:\nE       <statsmodels.genmod.families.links.identity object at 0x122aef790>\nE       \nE       Diff is 707 characters long. Set self.maxDiff to None to see it.\n\n/usr/local/Cellar/python@3.9/3.9.5/Frameworks/Python.framework/Versions/3.9/lib/python3.9/unittest/case.py:670: AssertionError"}, "start": 1626708856939, "stop": 1626708856955, "uuid": "b8aacb7b-df06-4125-a412-854582954945", "historyId": "07dc7000aec000ea0d36dd08a4ab2f71", "testCaseId": "0d0045312d2c62243fa4a91b84500010", "fullName": "tests.python.unit.test_regression_model#test_link_function", "labels": [{"name": "parentSuite", "value": "tests.python.unit"}, {"name": "suite", "value": "test_regression_model"}, {"name": "host", "value": "Matthews-MBP"}, {"name": "thread", "value": "24292-MainThread"}, {"name": "framework", "value": "pytest"}, {"name": "language", "value": "cpython3"}, {"name": "package", "value": "tests.python.unit.test_regression_model"}]}